<?xml version="1.0" encoding="UTF-8"?>
<!-- Generated by org.testng.reporters.JUnitReportReporter -->
<testsuite skipped="0" hostname="DESKTOP-R6ICANP" name="com.runner.Instagram_Runner" tests="4" failures="0" timestamp="20 Mar 2022 03:03:01 GMT" time="0.149" errors="4">
  <testcase name="runScenario" time="0.139" classname="com.runner.Instagram_Runner">
    <error type="java.lang.NullPointerException">
      <![CDATA[java.lang.NullPointerException
at com.baseclass.Base_Instagram.setUp(Base_Instagram.java:18)
at com.hooks.Instagram_Hooks.initialization(Instagram_Hooks.java:13)
]]>
    </error>
  </testcase> <!-- runScenario -->
  <testcase name="runScenario" time="0.003" classname="com.runner.Instagram_Runner">
    <error type="java.lang.NullPointerException">
      <![CDATA[java.lang.NullPointerException
at com.baseclass.Base_Instagram.setUp(Base_Instagram.java:18)
at com.hooks.Instagram_Hooks.initialization(Instagram_Hooks.java:13)
]]>
    </error>
  </testcase> <!-- runScenario -->
  <testcase name="runScenario" time="0.003" classname="com.runner.Instagram_Runner">
    <error type="java.lang.NullPointerException">
      <![CDATA[java.lang.NullPointerException
at com.baseclass.Base_Instagram.setUp(Base_Instagram.java:18)
at com.hooks.Instagram_Hooks.initialization(Instagram_Hooks.java:13)
]]>
    </error>
  </testcase> <!-- runScenario -->
  <testcase name="runScenario" time="0.004" classname="com.runner.Instagram_Runner">
    <error type="java.lang.NullPointerException">
      <![CDATA[java.lang.NullPointerException
at com.baseclass.Base_Instagram.setUp(Base_Instagram.java:18)
at com.hooks.Instagram_Hooks.initialization(Instagram_Hooks.java:13)
]]>
    </error>
  </testcase> <!-- runScenario -->
</testsuite> <!-- com.runner.Instagram_Runner -->
